Audit Success,26-6-2023 10:56:14,Microsoft-Windows-Security-Auditing,4663,File System,"An attempt was made to access an object.

Subject:
	Security ID:		DESKTOP-RSW-USR\adminEnzo2
	Account Name:		adminEnzo2
	Account Domain:		DESKTOP-RSW-USR
	Logon ID:		0xD20228

Object:
	Object Server:		Security
	Object Type:		File
	Object Name:		C:\Users\kees\Documents\1170_BIGFOLDER
	Handle ID:		0x2c30
	Resource Attributes:	S:AI

Process Information:
	Process ID:		0x1ccc
	Process Name:		C:\Windows\System32\WindowsPowerShell\v1.0\powershell.exe

Access Request Information:
	Accesses:		WriteData (or AddFile)
				
	Access Mask:		0x2"
Audit Success,26-6-2023 10:56:14,Microsoft-Windows-Security-Auditing,4663,File System,"An attempt was made to access an object.

Subject:
	Security ID:		DESKTOP-RSW-USR\adminEnzo2
	Account Name:		adminEnzo2
	Account Domain:		DESKTOP-RSW-USR
	Logon ID:		0xD20228

Object:
	Object Server:		Security
	Object Type:		File
	Object Name:		C:\Users\kees\Documents\1170_BIGFOLDER\35674_BIGFILE.txt
	Handle ID:		0x840
	Resource Attributes:	S:AI

Process Information:
	Process ID:		0x1ccc
	Process Name:		C:\Windows\System32\WindowsPowerShell\v1.0\powershell.exe

Access Request Information:
	Accesses:		WriteData (or AddFile)
				AppendData (or AddSubdirectory or CreatePipeInstance)
				
	Access Mask:		0x6"
Audit Success,26-6-2023 10:56:14,Microsoft-Windows-Security-Auditing,4663,File System,"An attempt was made to access an object.

Subject:
	Security ID:		DESKTOP-RSW-USR\adminEnzo2
	Account Name:		adminEnzo2
	Account Domain:		DESKTOP-RSW-USR
	Logon ID:		0xD20228

Object:
	Object Server:		Security
	Object Type:		File
	Object Name:		C:\Users\kees\Documents\1170_BIGFOLDER\35674_BIGFILE.txt
	Handle ID:		0x840
	Resource Attributes:	S:AI

Process Information:
	Process ID:		0x1ccc
	Process Name:		C:\Windows\System32\WindowsPowerShell\v1.0\powershell.exe

Access Request Information:
	Accesses:		WriteData (or AddFile)
				
	Access Mask:		0x2"
Audit Success,26-6-2023 10:56:14,Microsoft-Windows-Security-Auditing,4663,File System,"An attempt was made to access an object.

Subject:
	Security ID:		DESKTOP-RSW-USR\adminEnzo2
	Account Name:		adminEnzo2
	Account Domain:		DESKTOP-RSW-USR
	Logon ID:		0xD20228

Object:
	Object Server:		Security
	Object Type:		File
	Object Name:		C:\Users\kees\Documents\1170_BIGFOLDER
	Handle ID:		0x37d8
	Resource Attributes:	S:AI

Process Information:
	Process ID:		0x1ccc
	Process Name:		C:\Windows\System32\WindowsPowerShell\v1.0\powershell.exe

Access Request Information:
	Accesses:		WriteData (or AddFile)
				
	Access Mask:		0x2"
Audit Success,26-6-2023 10:56:14,Microsoft-Windows-Security-Auditing,4663,File System,"An attempt was made to access an object.

Subject:
	Security ID:		DESKTOP-RSW-USR\adminEnzo2
	Account Name:		adminEnzo2
	Account Domain:		DESKTOP-RSW-USR
	Logon ID:		0xD20228

Object:
	Object Server:		Security
	Object Type:		File
	Object Name:		C:\Users\kees\Documents\1170_BIGFOLDER\11937_BIGFILE.txt
	Handle ID:		0x7d0
	Resource Attributes:	S:AI

Process Information:
	Process ID:		0x1ccc
	Process Name:		C:\Windows\System32\WindowsPowerShell\v1.0\powershell.exe

Access Request Information:
	Accesses:		WriteData (or AddFile)
				AppendData (or AddSubdirectory or CreatePipeInstance)
				
	Access Mask:		0x6"
Audit Success,26-6-2023 10:56:14,Microsoft-Windows-Security-Auditing,4663,File System,"An attempt was made to access an object.

Subject:
	Security ID:		DESKTOP-RSW-USR\adminEnzo2
	Account Name:		adminEnzo2
	Account Domain:		DESKTOP-RSW-USR
	Logon ID:		0xD20228

Object:
	Object Server:		Security
	Object Type:		File
	Object Name:		C:\Users\kees\Documents\1170_BIGFOLDER\11937_BIGFILE.txt
	Handle ID:		0x7d0
	Resource Attributes:	S:AI

Process Information:
	Process ID:		0x1ccc
	Process Name:		C:\Windows\System32\WindowsPowerShell\v1.0\powershell.exe

Access Request Information:
	Accesses:		WriteData (or AddFile)
				
	Access Mask:		0x2"

